d:\school\2021-2022\gameplay prog\zombiegame_gpp_exam\zombiegame\project\_temp\release\gpp_plugin.pch
d:\school\2021-2022\gameplay prog\zombiegame_gpp_exam\zombiegame\project\_temp\release\stdafx.obj
d:\school\2021-2022\gameplay prog\zombiegame_gpp_exam\zombiegame\project\_temp\release\plugin.obj
d:\school\2021-2022\gameplay prog\zombiegame_gpp_exam\zombiegame\project\_temp\release\graph.obj
d:\school\2021-2022\gameplay prog\zombiegame_gpp_exam\zombiegame\project\_temp\release\graphconnection.obj
d:\school\2021-2022\gameplay prog\zombiegame_gpp_exam\zombiegame\project\_temp\release\graphnode.obj
d:\school\2021-2022\gameplay prog\zombiegame_gpp_exam\zombiegame\project\_temp\release\worldstate.obj
d:\school\2021-2022\gameplay prog\zombiegame_gpp_exam\zombiegame\project\_temp\release\goal.obj
d:\school\2021-2022\gameplay prog\zombiegame_gpp_exam\zombiegame\project\_temp\release\brain.obj
d:\school\2021-2022\gameplay prog\zombiegame_gpp_exam\zombiegame\project\_temp\release\wander.obj
d:\school\2021-2022\gameplay prog\zombiegame_gpp_exam\zombiegame\project\_temp\release\pickupaction.obj
d:\school\2021-2022\gameplay prog\zombiegame_gpp_exam\zombiegame\project\_temp\release\moveto.obj
d:\school\2021-2022\gameplay prog\zombiegame_gpp_exam\zombiegame\project\_temp\release\action.obj
d:\school\2021-2022\gameplay prog\zombiegame_gpp_exam\zombiegame\project\_temp\release\gpp_plugin.lib
d:\school\2021-2022\gameplay prog\zombiegame_gpp_exam\zombiegame\project\_temp\release\gpp_plugin.exp
d:\school\2021-2022\gameplay prog\zombiegame_gpp_exam\zombiegame\_demo_release\gpp_plugin.dll
d:\school\2021-2022\gameplay prog\zombiegame_gpp_exam\zombiegame\project\_temp\release\gpp_plugin.pdb
d:\school\2021-2022\gameplay prog\zombiegame_gpp_exam\zombiegame\project\_temp\release\gpp_exam.tlog\cl.command.1.tlog
d:\school\2021-2022\gameplay prog\zombiegame_gpp_exam\zombiegame\project\_temp\release\gpp_exam.tlog\cl.read.1.tlog
d:\school\2021-2022\gameplay prog\zombiegame_gpp_exam\zombiegame\project\_temp\release\gpp_exam.tlog\cl.write.1.tlog
d:\school\2021-2022\gameplay prog\zombiegame_gpp_exam\zombiegame\project\_temp\release\gpp_exam.tlog\gpp_exam.write.1u.tlog
d:\school\2021-2022\gameplay prog\zombiegame_gpp_exam\zombiegame\project\_temp\release\gpp_exam.tlog\link.command.1.tlog
d:\school\2021-2022\gameplay prog\zombiegame_gpp_exam\zombiegame\project\_temp\release\gpp_exam.tlog\link.read.1.tlog
d:\school\2021-2022\gameplay prog\zombiegame_gpp_exam\zombiegame\project\_temp\release\gpp_exam.tlog\link.write.1.tlog
