d:\school\2021-2022\gameplay prog\zombiegame_gpp_exam\zombiegame\project\_temp\debug\gpp_plugin_d.pch
d:\school\2021-2022\gameplay prog\zombiegame_gpp_exam\zombiegame\project\_temp\debug\vc142.pdb
d:\school\2021-2022\gameplay prog\zombiegame_gpp_exam\zombiegame\project\_temp\debug\vc142.idb
d:\school\2021-2022\gameplay prog\zombiegame_gpp_exam\zombiegame\project\_temp\debug\stdafx.obj
d:\school\2021-2022\gameplay prog\zombiegame_gpp_exam\zombiegame\project\_temp\debug\plugin.obj
d:\school\2021-2022\gameplay prog\zombiegame_gpp_exam\zombiegame\project\_temp\debug\graph.obj
d:\school\2021-2022\gameplay prog\zombiegame_gpp_exam\zombiegame\project\_temp\debug\graphconnection.obj
d:\school\2021-2022\gameplay prog\zombiegame_gpp_exam\zombiegame\project\_temp\debug\graphnode.obj
d:\school\2021-2022\gameplay prog\zombiegame_gpp_exam\zombiegame\project\_temp\debug\worldstate.obj
d:\school\2021-2022\gameplay prog\zombiegame_gpp_exam\zombiegame\project\_temp\debug\goal.obj
d:\school\2021-2022\gameplay prog\zombiegame_gpp_exam\zombiegame\project\_temp\debug\brain.obj
d:\school\2021-2022\gameplay prog\zombiegame_gpp_exam\zombiegame\project\_temp\debug\wander.obj
d:\school\2021-2022\gameplay prog\zombiegame_gpp_exam\zombiegame\project\_temp\debug\pickupaction.obj
d:\school\2021-2022\gameplay prog\zombiegame_gpp_exam\zombiegame\project\_temp\debug\moveto.obj
d:\school\2021-2022\gameplay prog\zombiegame_gpp_exam\zombiegame\project\_temp\debug\action.obj
d:\school\2021-2022\gameplay prog\zombiegame_gpp_exam\zombiegame\_demo_debug\gpp_plugin_d.lib
d:\school\2021-2022\gameplay prog\zombiegame_gpp_exam\zombiegame\_demo_debug\gpp_plugin_d.exp
d:\school\2021-2022\gameplay prog\zombiegame_gpp_exam\zombiegame\project\_temp\debug\gpp_plugin_d.ilk
d:\school\2021-2022\gameplay prog\zombiegame_gpp_exam\zombiegame\_demo_debug\gpp_plugin_d.dll
d:\school\2021-2022\gameplay prog\zombiegame_gpp_exam\zombiegame\_demo_debug\gpp_plugin_d.pdb
d:\school\2021-2022\gameplay prog\zombiegame_gpp_exam\zombiegame\project\..\_demo_debug\gpp_plugin_d.pdb
d:\school\2021-2022\gameplay prog\zombiegame_gpp_exam\zombiegame\project\_temp\debug\gpp_exam.tlog\cl.command.1.tlog
d:\school\2021-2022\gameplay prog\zombiegame_gpp_exam\zombiegame\project\_temp\debug\gpp_exam.tlog\cl.read.1.tlog
d:\school\2021-2022\gameplay prog\zombiegame_gpp_exam\zombiegame\project\_temp\debug\gpp_exam.tlog\cl.write.1.tlog
d:\school\2021-2022\gameplay prog\zombiegame_gpp_exam\zombiegame\project\_temp\debug\gpp_exam.tlog\gpp_exam.write.1u.tlog
d:\school\2021-2022\gameplay prog\zombiegame_gpp_exam\zombiegame\project\_temp\debug\gpp_exam.tlog\link.command.1.tlog
d:\school\2021-2022\gameplay prog\zombiegame_gpp_exam\zombiegame\project\_temp\debug\gpp_exam.tlog\link.read.1.tlog
d:\school\2021-2022\gameplay prog\zombiegame_gpp_exam\zombiegame\project\_temp\debug\gpp_exam.tlog\link.write.1.tlog
